Tue Dec 13 07:13:52 2022 [7744][1][SECURITY] OutboundEmail::checkSavePermissions - not logged in - skipping check
Tue Dec 13 07:13:52 2022 [7744][1][FATAL] User update error: Temp User is not retrieved at ID 1, boolean given
Tue Dec 13 07:13:52 2022 [7744][1][FATAL] Email address save error
Tue Dec 13 07:14:01 2022 [7744][1][FATAL] User update error: Temp User is not retrieved at ID seed_jim_id, boolean given
Tue Dec 13 07:14:01 2022 [7744][1][FATAL] Email address save error
Tue Dec 13 07:14:01 2022 [7744][1][FATAL] User update error: Temp User is not retrieved at ID seed_sarah_id, boolean given
Tue Dec 13 07:14:01 2022 [7744][1][FATAL] Email address save error
Tue Dec 13 07:14:01 2022 [7744][1][FATAL] User update error: Temp User is not retrieved at ID seed_sally_id, boolean given
Tue Dec 13 07:14:01 2022 [7744][1][FATAL] Email address save error
Tue Dec 13 07:14:02 2022 [7744][1][FATAL] User update error: Temp User is not retrieved at ID seed_max_id, boolean given
Tue Dec 13 07:14:02 2022 [7744][1][FATAL] Email address save error
Tue Dec 13 07:14:02 2022 [7744][1][FATAL] User update error: Temp User is not retrieved at ID seed_will_id, boolean given
Tue Dec 13 07:14:02 2022 [7744][1][FATAL] Email address save error
Tue Dec 13 07:14:02 2022 [7744][1][FATAL] User update error: Temp User is not retrieved at ID seed_chris_id, boolean given
Tue Dec 13 07:14:02 2022 [7744][1][FATAL] Email address save error
Tue Dec 13 07:15:06 2022 [7744][1][SECURITY] Invalid ext  logger_file_ext : ''.
Tue Dec 13 07:15:06 2022 [7744][1][SECURITY] Setting logger_file_ext to '.log'.
Tue Dec 13 07:15:06 2022 [7744][1][SECURITY] Setting logger_file_name to ''.
Tue Dec 13 07:15:06 2022 [7744][1][SECURITY] Log file extension can't be blank.
Tue Dec 13 07:15:07 2022 [7744][1][SECURITY] Setting logger_file_name to ''.
Tue Dec 13 07:15:07 2022 [7744][1][SECURITY] Log file extension can't be blank.
Tue Dec 13 07:19:39 2022 [7744][1][FATAL] Mysqli_query failed.
Tue Dec 13 07:19:39 2022 [7744][1][FATAL]  Query Failed: SELECT favorites.*
                  FROM favorites
                  JOIN config ON ( config.id = favorites.parent_id )
                  WHERE favorites.assigned_user_id = '1'
                    AND favorites.parent_type = 'Administration'
                    AND favorites.deleted = 0
                    AND config.deleted = 0
                  ORDER BY favorites.date_entered DESC LIMIT 0,10: MySQL error 1054: Unknown column 'config.deleted' in 'where clause'
Tue Dec 13 07:20:13 2022 [7744][1][FATAL] Mysqli_query failed.
Tue Dec 13 07:20:13 2022 [7744][1][FATAL]  Query Failed: SELECT favorites.*
                  FROM favorites
                  JOIN config ON ( config.id = favorites.parent_id )
                  WHERE favorites.assigned_user_id = '1'
                    AND favorites.parent_type = 'Administration'
                    AND favorites.deleted = 0
                    AND config.deleted = 0
                  ORDER BY favorites.date_entered DESC LIMIT 0,10: MySQL error 1054: Unknown column 'config.deleted' in 'where clause'
Tue Dec 13 07:23:14 2022 [7744][1][FATAL] Mysqli_query failed.
Tue Dec 13 07:23:14 2022 [7744][1][FATAL]  Query Failed: SELECT favorites.*
                  FROM favorites
                  JOIN config ON ( config.id = favorites.parent_id )
                  WHERE favorites.assigned_user_id = '1'
                    AND favorites.parent_type = 'Administration'
                    AND favorites.deleted = 0
                    AND config.deleted = 0
                  ORDER BY favorites.date_entered DESC LIMIT 0,10: MySQL error 1054: Unknown column 'config.deleted' in 'where clause'
Tue Dec 13 07:29:26 2022 [7744][1][FATAL] Mysqli_query failed.
Tue Dec 13 07:29:26 2022 [7744][1][FATAL]  Query Failed: SELECT favorites.*
                  FROM favorites
                  JOIN config ON ( config.id = favorites.parent_id )
                  WHERE favorites.assigned_user_id = '1'
                    AND favorites.parent_type = 'Administration'
                    AND favorites.deleted = 0
                    AND config.deleted = 0
                  ORDER BY favorites.date_entered DESC LIMIT 0,10: MySQL error 1054: Unknown column 'config.deleted' in 'where clause'
Tue Dec 13 07:51:18 2022 [7744][1][FATAL] Mysqli_query failed.
Tue Dec 13 07:51:18 2022 [7744][1][FATAL]  Query Failed: SELECT favorites.*
                  FROM favorites
                  JOIN config ON ( config.id = favorites.parent_id )
                  WHERE favorites.assigned_user_id = '1'
                    AND favorites.parent_type = 'Administration'
                    AND favorites.deleted = 0
                    AND config.deleted = 0
                  ORDER BY favorites.date_entered DESC LIMIT 0,10: MySQL error 1054: Unknown column 'config.deleted' in 'where clause'
